CRITICAL - 2023-05-22 02:18:55 --> Invalid file: "siswa/tbsiswa.php"
in SYSTEMPATH/Exceptions/FrameworkException.php on line 33.
 1 SYSTEMPATH/View/View.php(201): CodeIgniter\Exceptions\FrameworkException::forInvalidFile()
 2 SYSTEMPATH/Common.php(1184): CodeIgniter\View\View->render()
 3 APPPATH/Controllers/Siswa.php(10): view()
 4 SYSTEMPATH/CodeIgniter.php(934): App\Controllers\siswa->index()
 5 SYSTEMPATH/CodeIgniter.php(499): CodeIgniter\CodeIgniter->runController()
 6 SYSTEMPATH/CodeIgniter.php(368): CodeIgniter\CodeIgniter->handleRequest()
 7 FCPATH/index.php(67): CodeIgniter\CodeIgniter->run()
 8 SYSTEMPATH/Commands/Server/rewrite.php(47): require_once('/var/www/html/CI4/Sekolah_Guru/public/index.php')
CRITICAL - 2023-05-22 03:21:49 --> Class "app\Models\Mod_Siswa" not found
in APPPATH/Controllers/Siswa.php on line 24.
 1 SYSTEMPATH/CodeIgniter.php(934): App\Controllers\siswa->tambah_siswa()
 2 SYSTEMPATH/CodeIgniter.php(499): CodeIgniter\CodeIgniter->runController()
 3 SYSTEMPATH/CodeIgniter.php(368): CodeIgniter\CodeIgniter->handleRequest()
 4 FCPATH/index.php(67): CodeIgniter\CodeIgniter->run()
 5 SYSTEMPATH/Commands/Server/rewrite.php(47): require_once('/var/www/html/CI4/Sekolah_Guru/public/index.php')
CRITICAL - 2023-05-22 03:25:27 --> Class "app\Models\Mod_Siswa" not found
in APPPATH/Controllers/Siswa.php on line 27.
 1 SYSTEMPATH/CodeIgniter.php(934): App\Controllers\siswa->tambah_siswa()
 2 SYSTEMPATH/CodeIgniter.php(499): CodeIgniter\CodeIgniter->runController()
 3 SYSTEMPATH/CodeIgniter.php(368): CodeIgniter\CodeIgniter->handleRequest()
 4 FCPATH/index.php(67): CodeIgniter\CodeIgniter->run()
 5 SYSTEMPATH/Commands/Server/rewrite.php(47): require_once('/var/www/html/CI4/Sekolah_Guru/public/index.php')
ERROR - 2023-05-22 03:28:47 --> Error connecting to the database: mysqli_sql_exception: Unknown database 'sekolah1' in /var/www/html/CI4/Sekolah_Guru/system/Database/MySQLi/Connection.php:174
Stack trace:
#0 /var/www/html/CI4/Sekolah_Guru/system/Database/MySQLi/Connection.php(174): mysqli->real_connect()
#1 /var/www/html/CI4/Sekolah_Guru/system/Database/BaseConnection.php(391): CodeIgniter\Database\MySQLi\Connection->connect()
#2 /var/www/html/CI4/Sekolah_Guru/system/Database/BaseConnection.php(574): CodeIgniter\Database\BaseConnection->initialize()
#3 /var/www/html/CI4/Sekolah_Guru/system/Database/BaseBuilder.php(2309): CodeIgniter\Database\BaseConnection->query()
#4 /var/www/html/CI4/Sekolah_Guru/system/Model.php(330): CodeIgniter\Database\BaseBuilder->insert()
#5 /var/www/html/CI4/Sekolah_Guru/system/BaseModel.php(782): CodeIgniter\Model->doInsert()
#6 /var/www/html/CI4/Sekolah_Guru/system/Model.php(730): CodeIgniter\BaseModel->insert()
#7 /var/www/html/CI4/Sekolah_Guru/app/Controllers/Siswa.php(34): CodeIgniter\Model->insert()
#8 /var/www/html/CI4/Sekolah_Guru/system/CodeIgniter.php(934): App\Controllers\siswa->tambah_siswa()
#9 /var/www/html/CI4/Sekolah_Guru/system/CodeIgniter.php(499): CodeIgniter\CodeIgniter->runController()
#10 /var/www/html/CI4/Sekolah_Guru/system/CodeIgniter.php(368): CodeIgniter\CodeIgniter->handleRequest()
#11 /var/www/html/CI4/Sekolah_Guru/public/index.php(67): CodeIgniter\CodeIgniter->run()
#12 /var/www/html/CI4/Sekolah_Guru/system/Commands/Server/rewrite.php(47): require_once('...')
#13 {main}

Next CodeIgniter\Database\Exceptions\DatabaseException: Unknown database 'sekolah1' in /var/www/html/CI4/Sekolah_Guru/system/Database/MySQLi/Connection.php:218
Stack trace:
#0 /var/www/html/CI4/Sekolah_Guru/system/Database/BaseConnection.php(391): CodeIgniter\Database\MySQLi\Connection->connect()
#1 /var/www/html/CI4/Sekolah_Guru/system/Database/BaseConnection.php(574): CodeIgniter\Database\BaseConnection->initialize()
#2 /var/www/html/CI4/Sekolah_Guru/system/Database/BaseBuilder.php(2309): CodeIgniter\Database\BaseConnection->query()
#3 /var/www/html/CI4/Sekolah_Guru/system/Model.php(330): CodeIgniter\Database\BaseBuilder->insert()
#4 /var/www/html/CI4/Sekolah_Guru/system/BaseModel.php(782): CodeIgniter\Model->doInsert()
#5 /var/www/html/CI4/Sekolah_Guru/system/Model.php(730): CodeIgniter\BaseModel->insert()
#6 /var/www/html/CI4/Sekolah_Guru/app/Controllers/Siswa.php(34): CodeIgniter\Model->insert()
#7 /var/www/html/CI4/Sekolah_Guru/system/CodeIgniter.php(934): App\Controllers\siswa->tambah_siswa()
#8 /var/www/html/CI4/Sekolah_Guru/system/CodeIgniter.php(499): CodeIgniter\CodeIgniter->runController()
#9 /var/www/html/CI4/Sekolah_Guru/system/CodeIgniter.php(368): CodeIgniter\CodeIgniter->handleRequest()
#10 /var/www/html/CI4/Sekolah_Guru/public/index.php(67): CodeIgniter\CodeIgniter->run()
#11 /var/www/html/CI4/Sekolah_Guru/system/Commands/Server/rewrite.php(47): require_once('...')
#12 {main}
CRITICAL - 2023-05-22 03:28:47 --> Unable to connect to the database.
Main connection [MySQLi]: Unknown database 'sekolah1'
in SYSTEMPATH/Database/BaseConnection.php on line 427.
 1 SYSTEMPATH/Database/BaseConnection.php(574): CodeIgniter\Database\BaseConnection->initialize()
 2 SYSTEMPATH/Database/BaseBuilder.php(2309): CodeIgniter\Database\BaseConnection->query()
 3 SYSTEMPATH/Model.php(330): CodeIgniter\Database\BaseBuilder->insert()
 4 SYSTEMPATH/BaseModel.php(782): CodeIgniter\Model->doInsert()
 5 SYSTEMPATH/Model.php(730): CodeIgniter\BaseModel->insert()
 6 APPPATH/Controllers/Siswa.php(34): CodeIgniter\Model->insert()
 7 SYSTEMPATH/CodeIgniter.php(934): App\Controllers\siswa->tambah_siswa()
 8 SYSTEMPATH/CodeIgniter.php(499): CodeIgniter\CodeIgniter->runController()
 9 SYSTEMPATH/CodeIgniter.php(368): CodeIgniter\CodeIgniter->handleRequest()
10 FCPATH/index.php(67): CodeIgniter\CodeIgniter->run()
11 SYSTEMPATH/Commands/Server/rewrite.php(47): require_once('/var/www/html/CI4/Sekolah_Guru/public/index.php')
ERROR - 2023-05-22 03:30:06 --> mysqli_sql_exception: Column 'nama_siswa' cannot be null in /var/www/html/CI4/Sekolah_Guru/system/Database/MySQLi/Connection.php:295
Stack trace:
#0 /var/www/html/CI4/Sekolah_Guru/system/Database/MySQLi/Connection.php(295): mysqli->query()
#1 /var/www/html/CI4/Sekolah_Guru/system/Database/BaseConnection.php(692): CodeIgniter\Database\MySQLi\Connection->execute()
#2 /var/www/html/CI4/Sekolah_Guru/system/Database/BaseConnection.php(606): CodeIgniter\Database\BaseConnection->simpleQuery()
#3 /var/www/html/CI4/Sekolah_Guru/system/Database/BaseBuilder.php(2309): CodeIgniter\Database\BaseConnection->query()
#4 /var/www/html/CI4/Sekolah_Guru/system/Model.php(330): CodeIgniter\Database\BaseBuilder->insert()
#5 /var/www/html/CI4/Sekolah_Guru/system/BaseModel.php(782): CodeIgniter\Model->doInsert()
#6 /var/www/html/CI4/Sekolah_Guru/system/Model.php(730): CodeIgniter\BaseModel->insert()
#7 /var/www/html/CI4/Sekolah_Guru/app/Controllers/Siswa.php(34): CodeIgniter\Model->insert()
#8 /var/www/html/CI4/Sekolah_Guru/system/CodeIgniter.php(934): App\Controllers\siswa->tambah_siswa()
#9 /var/www/html/CI4/Sekolah_Guru/system/CodeIgniter.php(499): CodeIgniter\CodeIgniter->runController()
#10 /var/www/html/CI4/Sekolah_Guru/system/CodeIgniter.php(368): CodeIgniter\CodeIgniter->handleRequest()
#11 /var/www/html/CI4/Sekolah_Guru/public/index.php(67): CodeIgniter\CodeIgniter->run()
#12 /var/www/html/CI4/Sekolah_Guru/system/Commands/Server/rewrite.php(47): require_once('...')
#13 {main}
CRITICAL - 2023-05-22 03:30:06 --> Column 'nama_siswa' cannot be null
in SYSTEMPATH/Database/MySQLi/Connection.php on line 295.
 1 SYSTEMPATH/Database/MySQLi/Connection.php(295): mysqli->query()
 2 SYSTEMPATH/Database/BaseConnection.php(692): CodeIgniter\Database\MySQLi\Connection->execute()
 3 SYSTEMPATH/Database/BaseConnection.php(606): CodeIgniter\Database\BaseConnection->simpleQuery()
 4 SYSTEMPATH/Database/BaseBuilder.php(2309): CodeIgniter\Database\BaseConnection->query()
 5 SYSTEMPATH/Model.php(330): CodeIgniter\Database\BaseBuilder->insert()
 6 SYSTEMPATH/BaseModel.php(782): CodeIgniter\Model->doInsert()
 7 SYSTEMPATH/Model.php(730): CodeIgniter\BaseModel->insert()
 8 APPPATH/Controllers/Siswa.php(34): CodeIgniter\Model->insert()
 9 SYSTEMPATH/CodeIgniter.php(934): App\Controllers\siswa->tambah_siswa()
10 SYSTEMPATH/CodeIgniter.php(499): CodeIgniter\CodeIgniter->runController()
11 SYSTEMPATH/CodeIgniter.php(368): CodeIgniter\CodeIgniter->handleRequest()
12 FCPATH/index.php(67): CodeIgniter\CodeIgniter->run()
13 SYSTEMPATH/Commands/Server/rewrite.php(47): require_once('/var/www/html/CI4/Sekolah_Guru/public/index.php')
CRITICAL - 2023-05-22 03:41:15 --> syntax error, unexpected token ";", expecting variable or "{" or "$"
in APPPATH/Views/siswa/tb_siswa.php on line 16.
 1 SYSTEMPATH/View/View.php(216): CodeIgniter\View\View->CodeIgniter\View\{closure}()
 2 SYSTEMPATH/View/View.php(431): CodeIgniter\View\View->render()
 3 APPPATH/Views/siswa/tbhsiswa.php(16): CodeIgniter\View\View->include()
 4 SYSTEMPATH/View/View.php(213): include('/var/www/html/CI4/Sekolah_Guru/app/Views/siswa/tbhsiswa.php')
 5 SYSTEMPATH/View/View.php(216): CodeIgniter\View\View->CodeIgniter\View\{closure}()
 6 SYSTEMPATH/Common.php(1184): CodeIgniter\View\View->render()
 7 APPPATH/Controllers/Siswa.php(27): view()
 8 SYSTEMPATH/CodeIgniter.php(934): App\Controllers\siswa->index()
 9 SYSTEMPATH/CodeIgniter.php(499): CodeIgniter\CodeIgniter->runController()
10 SYSTEMPATH/CodeIgniter.php(368): CodeIgniter\CodeIgniter->handleRequest()
11 FCPATH/index.php(67): CodeIgniter\CodeIgniter->run()
12 SYSTEMPATH/Commands/Server/rewrite.php(47): require_once('/var/www/html/CI4/Sekolah_Guru/public/index.php')
CRITICAL - 2023-05-22 03:43:38 --> Attempt to read property "nama_siswa" on null
in APPPATH/Views/siswa/tb_siswa.php on line 16.
 1 APPPATH/Views/siswa/tb_siswa.php(16): CodeIgniter\Debug\Exceptions->errorHandler()
 2 SYSTEMPATH/View/View.php(213): include('/var/www/html/CI4/Sekolah_Guru/app/Views/siswa/tb_siswa.php')
 3 SYSTEMPATH/View/View.php(216): CodeIgniter\View\View->CodeIgniter\View\{closure}()
 4 SYSTEMPATH/View/View.php(431): CodeIgniter\View\View->render()
 5 APPPATH/Views/siswa/tbhsiswa.php(16): CodeIgniter\View\View->include()
 6 SYSTEMPATH/View/View.php(213): include('/var/www/html/CI4/Sekolah_Guru/app/Views/siswa/tbhsiswa.php')
 7 SYSTEMPATH/View/View.php(216): CodeIgniter\View\View->CodeIgniter\View\{closure}()
 8 SYSTEMPATH/Common.php(1184): CodeIgniter\View\View->render()
 9 APPPATH/Controllers/Siswa.php(27): view()
10 SYSTEMPATH/CodeIgniter.php(934): App\Controllers\siswa->index()
11 SYSTEMPATH/CodeIgniter.php(499): CodeIgniter\CodeIgniter->runController()
12 SYSTEMPATH/CodeIgniter.php(368): CodeIgniter\CodeIgniter->handleRequest()
13 FCPATH/index.php(67): CodeIgniter\CodeIgniter->run()
14 SYSTEMPATH/Commands/Server/rewrite.php(47): require_once('/var/www/html/CI4/Sekolah_Guru/public/index.php')
CRITICAL - 2023-05-22 03:45:47 --> Trying to access array offset on value of type null
in APPPATH/Views/siswa/tb_siswa.php on line 16.
 1 APPPATH/Views/siswa/tb_siswa.php(16): CodeIgniter\Debug\Exceptions->errorHandler()
 2 SYSTEMPATH/View/View.php(213): include('/var/www/html/CI4/Sekolah_Guru/app/Views/siswa/tb_siswa.php')
 3 SYSTEMPATH/View/View.php(216): CodeIgniter\View\View->CodeIgniter\View\{closure}()
 4 SYSTEMPATH/View/View.php(431): CodeIgniter\View\View->render()
 5 APPPATH/Views/siswa/tbhsiswa.php(16): CodeIgniter\View\View->include()
 6 SYSTEMPATH/View/View.php(213): include('/var/www/html/CI4/Sekolah_Guru/app/Views/siswa/tbhsiswa.php')
 7 SYSTEMPATH/View/View.php(216): CodeIgniter\View\View->CodeIgniter\View\{closure}()
 8 SYSTEMPATH/Common.php(1184): CodeIgniter\View\View->render()
 9 APPPATH/Controllers/Siswa.php(27): view()
10 SYSTEMPATH/CodeIgniter.php(934): App\Controllers\siswa->index()
11 SYSTEMPATH/CodeIgniter.php(499): CodeIgniter\CodeIgniter->runController()
12 SYSTEMPATH/CodeIgniter.php(368): CodeIgniter\CodeIgniter->handleRequest()
13 FCPATH/index.php(67): CodeIgniter\CodeIgniter->run()
14 SYSTEMPATH/Commands/Server/rewrite.php(47): require_once('/var/www/html/CI4/Sekolah_Guru/public/index.php')
CRITICAL - 2023-05-22 03:46:21 --> Trying to access array offset on value of type null
in APPPATH/Views/siswa/tb_siswa.php on line 17.
 1 APPPATH/Views/siswa/tb_siswa.php(17): CodeIgniter\Debug\Exceptions->errorHandler()
 2 SYSTEMPATH/View/View.php(213): include('/var/www/html/CI4/Sekolah_Guru/app/Views/siswa/tb_siswa.php')
 3 SYSTEMPATH/View/View.php(216): CodeIgniter\View\View->CodeIgniter\View\{closure}()
 4 SYSTEMPATH/View/View.php(431): CodeIgniter\View\View->render()
 5 APPPATH/Views/siswa/tbhsiswa.php(16): CodeIgniter\View\View->include()
 6 SYSTEMPATH/View/View.php(213): include('/var/www/html/CI4/Sekolah_Guru/app/Views/siswa/tbhsiswa.php')
 7 SYSTEMPATH/View/View.php(216): CodeIgniter\View\View->CodeIgniter\View\{closure}()
 8 SYSTEMPATH/Common.php(1184): CodeIgniter\View\View->render()
 9 APPPATH/Controllers/Siswa.php(27): view()
10 SYSTEMPATH/CodeIgniter.php(934): App\Controllers\siswa->index()
11 SYSTEMPATH/CodeIgniter.php(499): CodeIgniter\CodeIgniter->runController()
12 SYSTEMPATH/CodeIgniter.php(368): CodeIgniter\CodeIgniter->handleRequest()
13 FCPATH/index.php(67): CodeIgniter\CodeIgniter->run()
14 SYSTEMPATH/Commands/Server/rewrite.php(47): require_once('/var/www/html/CI4/Sekolah_Guru/public/index.php')
CRITICAL - 2023-05-22 04:33:35 --> Undefined variable $sis
in APPPATH/Views/siswa/modal_siswa.php on line 1.
 1 APPPATH/Views/siswa/modal_siswa.php(1): CodeIgniter\Debug\Exceptions->errorHandler()
 2 SYSTEMPATH/View/View.php(213): include('/var/www/html/CI4/Sekolah_Guru/app/Views/siswa/modal_siswa.php')
 3 SYSTEMPATH/View/View.php(216): CodeIgniter\View\View->CodeIgniter\View\{closure}()
 4 SYSTEMPATH/View/View.php(431): CodeIgniter\View\View->render()
 5 APPPATH/Views/siswa/tb_siswa.php(27): CodeIgniter\View\View->include()
 6 SYSTEMPATH/View/View.php(213): include('/var/www/html/CI4/Sekolah_Guru/app/Views/siswa/tb_siswa.php')
 7 SYSTEMPATH/View/View.php(216): CodeIgniter\View\View->CodeIgniter\View\{closure}()
 8 SYSTEMPATH/View/View.php(431): CodeIgniter\View\View->render()
 9 APPPATH/Views/siswa/tbhsiswa.php(16): CodeIgniter\View\View->include()
10 SYSTEMPATH/View/View.php(213): include('/var/www/html/CI4/Sekolah_Guru/app/Views/siswa/tbhsiswa.php')
11 SYSTEMPATH/View/View.php(216): CodeIgniter\View\View->CodeIgniter\View\{closure}()
12 SYSTEMPATH/Common.php(1184): CodeIgniter\View\View->render()
13 APPPATH/Controllers/Siswa.php(28): view()
14 SYSTEMPATH/CodeIgniter.php(934): App\Controllers\siswa->index()
15 SYSTEMPATH/CodeIgniter.php(499): CodeIgniter\CodeIgniter->runController()
16 SYSTEMPATH/CodeIgniter.php(368): CodeIgniter\CodeIgniter->handleRequest()
17 FCPATH/index.php(67): CodeIgniter\CodeIgniter->run()
18 SYSTEMPATH/Commands/Server/rewrite.php(47): require_once('/var/www/html/CI4/Sekolah_Guru/public/index.php')
CRITICAL - 2023-05-22 05:00:29 --> Undefined variable $cst
in APPPATH/Views/siswa/tb_siswa.php on line 69.
 1 APPPATH/Views/siswa/tb_siswa.php(69): CodeIgniter\Debug\Exceptions->errorHandler()
 2 SYSTEMPATH/View/View.php(213): include('/var/www/html/CI4/Sekolah_Guru/app/Views/siswa/tb_siswa.php')
 3 SYSTEMPATH/View/View.php(216): CodeIgniter\View\View->CodeIgniter\View\{closure}()
 4 SYSTEMPATH/View/View.php(431): CodeIgniter\View\View->render()
 5 APPPATH/Views/siswa/tbhsiswa.php(16): CodeIgniter\View\View->include()
 6 SYSTEMPATH/View/View.php(213): include('/var/www/html/CI4/Sekolah_Guru/app/Views/siswa/tbhsiswa.php')
 7 SYSTEMPATH/View/View.php(216): CodeIgniter\View\View->CodeIgniter\View\{closure}()
 8 SYSTEMPATH/Common.php(1184): CodeIgniter\View\View->render()
 9 APPPATH/Controllers/Siswa.php(28): view()
10 SYSTEMPATH/CodeIgniter.php(934): App\Controllers\siswa->index()
11 SYSTEMPATH/CodeIgniter.php(499): CodeIgniter\CodeIgniter->runController()
12 SYSTEMPATH/CodeIgniter.php(368): CodeIgniter\CodeIgniter->handleRequest()
13 FCPATH/index.php(67): CodeIgniter\CodeIgniter->run()
14 SYSTEMPATH/Commands/Server/rewrite.php(47): require_once('/var/www/html/CI4/Sekolah_Guru/public/index.php')
CRITICAL - 2023-05-22 05:47:37 --> Undefined array key "kelas_siswa"
in APPPATH/Views/siswa/tb_siswa.php on line 21.
 1 APPPATH/Views/siswa/tb_siswa.php(21): CodeIgniter\Debug\Exceptions->errorHandler()
 2 SYSTEMPATH/View/View.php(213): include('/var/www/html/CI4/Sekolah_Guru/app/Views/siswa/tb_siswa.php')
 3 SYSTEMPATH/View/View.php(216): CodeIgniter\View\View->CodeIgniter\View\{closure}()
 4 SYSTEMPATH/View/View.php(431): CodeIgniter\View\View->render()
 5 APPPATH/Views/siswa/tbhsiswa.php(16): CodeIgniter\View\View->include()
 6 SYSTEMPATH/View/View.php(213): include('/var/www/html/CI4/Sekolah_Guru/app/Views/siswa/tbhsiswa.php')
 7 SYSTEMPATH/View/View.php(216): CodeIgniter\View\View->CodeIgniter\View\{closure}()
 8 SYSTEMPATH/Common.php(1184): CodeIgniter\View\View->render()
 9 APPPATH/Controllers/Siswa.php(28): view()
10 SYSTEMPATH/CodeIgniter.php(934): App\Controllers\siswa->index()
11 SYSTEMPATH/CodeIgniter.php(499): CodeIgniter\CodeIgniter->runController()
12 SYSTEMPATH/CodeIgniter.php(368): CodeIgniter\CodeIgniter->handleRequest()
13 FCPATH/index.php(67): CodeIgniter\CodeIgniter->run()
14 SYSTEMPATH/Commands/Server/rewrite.php(47): require_once('/var/www/html/CI4/Sekolah_Guru/public/index.php')
